  stdafx.cpp
  Accessory.cpp
  Arrow.cpp
  BitmapMgr.cpp
  BossHPBar.cpp
  Client.cpp
  CollisionMgr.cpp
  Commuication.cpp
  Dragon.cpp
  DragonEffect.cpp
  Field.cpp
  FifthFloor.cpp
  Fire.cpp
  FirstFloor.cpp
  FloorBox.cpp
  Font.cpp
  FourthFloor.cpp
  Gold.cpp
  Green.cpp
  HPPortion.cpp
  Item.cpp
  코드를 생성하고 있습니다...
  컴파일하고 있습니다...
  KeyMgr.cpp
  Leaf.cpp
  LeafCommunication.cpp
  Line.cpp
  LineMgr.cpp
  Logo.cpp
d:\kpu\넷겜프\텀프\networkgameproject\maplestory\client\logo.cpp(219): warning C4996: 'inet_addr': Use inet_pton() or InetPton() instead or define _WINSOCK_DEPRECATED_NO_WARNINGS to disable deprecated API warnings
  c:\program files (x86)\windows kits\10\include\10.0.17134.0\um\winsock2.h(1830): note: 'inet_addr' 선언을 참조하십시오.
  Maingame.cpp
  MakingPlayer.cpp
d:\kpu\넷겜프\텀프\networkgameproject\maplestory\client\makingplayer.cpp(100): warning C4996: 'strcpy': This function or variable may be unsafe. Consider using strcpy_s instead. To disable deprecation, use _CRT_SECURE_NO_WARNINGS. See online help for details.
  c:\program files (x86)\windows kits\10\include\10.0.17134.0\ucrt\string.h(133): note: 'strcpy' 선언을 참조하십시오.
d:\kpu\넷겜프\텀프\networkgameproject\maplestory\client\makingplayer.cpp(94): warning C4101: 'str' :참조되지 않은 지역 변수입니다.
  MathMgr.cpp
  Monster.cpp
  Mouse.cpp
  MPPortion.cpp
  MushCouple.cpp
  MyBmp.cpp
  NPC.cpp
  Obj.cpp
  ObjMgr.cpp
  Player.cpp
  PlayerExp.cpp
  PlayerHP.cpp
  코드를 생성하고 있습니다...
  컴파일하고 있습니다...
  PlayerMP.cpp
  Portal.cpp
  PortalBox.cpp
  Rope.cpp
  Scene.cpp
  SceneMgr.cpp
  SecondFloor.cpp
  Shoot.cpp
  Skill.cpp
  SoundMgr.cpp
  Stage1.cpp
  Swing.cpp
  SwingEffect.cpp
  ThirdFloor.cpp
  UI.cpp
  Wing.cpp
  코드를 생성하고 있습니다...
  Client.vcxproj -> D:\KPU\넷겜프\텀프\NetworkGameProject\MapleStory\Debug\Client.exe
